#
# A fatal error has been detected by the Java Runtime Environment:
#
#  EXCEPTION_ACCESS_VIOLATION (0xc0000005) at pc=0xffffffffa3355120, pid=7040, tid=0x0000000000001280
#
# JRE version: Java(TM) SE Runtime Environment (8.0_231-b11) (build 1.8.0_231-b11)
# Java VM: Java HotSpot(TM) 64-Bit Server VM (25.231-b11 mixed mode windows-amd64 compressed oops)
# Problematic frame:
# C  0xffffffffa3355120
#
# Failed to write core dump. Minidumps are not enabled by default on client versions of Windows
#
# If you would like to submit a bug report, please visit:
#   http://bugreport.java.com/bugreport/crash.jsp
#

---------------  T H R E A D  ---------------

Current thread (0x0000000015e62000):  JavaThread "pool-3-thread-6" [_thread_in_Java, id=4736, stack(0x000000001b920000,0x000000001bd20000)]

siginfo: ExceptionCode=0xc0000005, ExceptionInformation=0x0000000000000008 0xffffffffa3355120

Registers:
RAX=0x000000001a040778, RBX=0x000000001a040778, RCX=0x00000000f12fc510, RDX=0x00000000f12fc510
RSP=0x000000001bd1dfa8, RBP=0x000000001bd1e008, RSI=0x0000000000000128, RDI=0x0000000000000488
R8 =0x0000000000000889, R9 =0x00000000144b5770, R10=0x0000000059d38730, R11=0x00000000030f86c0
R12=0x0000000000000000, R13=0x000000001bd1dfb8, R14=0x0000000000000000, R15=0x0000000015e62000
RIP=0xffffffffa3355120, EFLAGS=0x0000000000010202

Top of Stack: (sp=0x000000001bd1dfa8)
0x000000001bd1dfa8:   0000000002357ae0 0000000002357ae0
0x000000001bd1dfb8:   0000000000000889 00000000f12fc510
0x000000001bd1dfc8:   000000001bd1dfc8 000000001a03fd8a
0x000000001bd1dfd8:   000000001bd1e048 000000001a0573b8
0x000000001bd1dfe8:   0000000000000000 000000001a03fe30
0x000000001bd1dff8:   000000001bd1dfb8 000000001bd1e038
0x000000001bd1e008:   000000001bd1e090 0000000002357ae0
0x000000001bd1e018:   000000000000005c 000000000000006f
0x000000001bd1e028:   00000000f12fc530 0000000000000889
0x000000001bd1e038:   00000000f12ff2a0 0000000000000826
0x000000001bd1e048:   00000000f12fc510 000000001bd1e050
0x000000001bd1e058:   000000001a03fb1b 000000001bd1e0b0
0x000000001bd1e068:   000000001a0573b8 0000000000000000
0x000000001bd1e078:   000000001a03fb58 000000001bd1e038
0x000000001bd1e088:   000000001bd1e0a0 000000001bd1e0f8
0x000000001bd1e098:   0000000002357ae0 00000000f12ff2a0 

Instructions: (pc=0xffffffffa3355120)
0xffffffffa3355100:   
[error occurred during error reporting (printing registers, top of stack, instructions near pc), id 0xc0000005]

Register to memory mapping:

RAX={method} {0x000000001a040780} 'reset' '(I)I' in 'jawn/StringParser'
RBX={method} {0x000000001a040780} 'reset' '(I)I' in 'jawn/StringParser'
RCX=0x00000000f12fc510 is an oop
jawn.StringParser 
 - klass: 'jawn/StringParser'
RDX=0x00000000f12fc510 is an oop
jawn.StringParser 
 - klass: 'jawn/StringParser'
RSP=0x000000001bd1dfa8 is pointing into the stack for thread: 0x0000000015e62000
RBP=0x000000001bd1e008 is pointing into the stack for thread: 0x0000000015e62000
RSI=0x0000000000000128 is an unknown value
RDI=0x0000000000000488 is an unknown value
R8 =0x0000000000000889 is an unknown value
R9 =0x00000000144b5770 is an unknown value
R10=0x0000000059d38730 is an unknown value
R11=0x00000000030f86c0 is at entry_point+32 in (nmethod*)0x00000000030f8550
R12=0x0000000000000000 is an unknown value
R13=0x000000001bd1dfb8 is pointing into the stack for thread: 0x0000000015e62000
R14=0x0000000000000000 is an unknown value
R15=0x0000000015e62000 is a thread


Stack: [0x000000001b920000,0x000000001bd20000],  sp=0x000000001bd1dfa8,  free space=4087k
Native frames: (J=compiled Java code, j=interpreted, Vv=VM code, C=native code)
C  0xffffffffa3355120


---------------  P R O C E S S  ---------------

Java Threads: ( => current thread )
  0x0000000015e65800 JavaThread "pool-3-thread-7" [_thread_blocked, id=5940, stack(0x000000001bd20000,0x000000001c120000)]
=>0x0000000015e62000 JavaThread "pool-3-thread-6" [_thread_in_Java, id=4736, stack(0x000000001b920000,0x000000001bd20000)]
  0x00000000130cf000 JavaThread "pool-3-thread-5" [_thread_blocked, id=2960, stack(0x000000001b520000,0x000000001b920000)]
  0x00000000130cc800 JavaThread "pool-3-thread-4" [_thread_blocked, id=6232, stack(0x000000001b120000,0x000000001b520000)]
  0x00000000130cd800 JavaThread "pool-3-thread-3" [_thread_blocked, id=6100, stack(0x000000001a920000,0x000000001ad20000)]
  0x00000000130ce000 JavaThread "pool-3-thread-2" [_thread_blocked, id=3508, stack(0x000000001a520000,0x000000001a920000)]
  0x00000000130cf800 JavaThread "pool-3-thread-1" [_thread_blocked, id=2856, stack(0x000000001a120000,0x000000001a520000)]
  0x00000000148c4000 JavaThread "scala-execution-context-global-19" daemon [_thread_blocked, id=7352, stack(0x0000000019b20000,0x0000000019f20000)]
  0x00000000166d4000 JavaThread "scala-execution-context-global-18" daemon [_thread_blocked, id=5820, stack(0x0000000019720000,0x0000000019b20000)]
  0x00000000148e3000 JavaThread "scala-execution-context-global-17" daemon [_thread_blocked, id=1192, stack(0x0000000019320000,0x0000000019720000)]
  0x0000000015f4d000 JavaThread "scala-execution-context-global-16" daemon [_thread_blocked, id=7484, stack(0x0000000018f20000,0x0000000019320000)]
  0x0000000013594000 JavaThread "classloader-cache-cleanup-0" daemon [_thread_blocked, id=7604, stack(0x0000000017920000,0x0000000017d20000)]
  0x000000000d8be800 JavaThread "Service Thread" daemon [_thread_blocked, id=4960, stack(0x0000000010340000,0x0000000010740000)]
  0x000000000d86c000 JavaThread "C1 CompilerThread2" daemon [_thread_blocked, id=4956, stack(0x000000000fe40000,0x000000000ff40000)]
  0x000000000d867000 JavaThread "C2 CompilerThread1" daemon [_thread_blocked, id=4952, stack(0x000000000fd40000,0x000000000fe40000)]
  0x000000000d864800 JavaThread "C2 CompilerThread0" daemon [_thread_blocked, id=3956, stack(0x000000000fc40000,0x000000000fd40000)]
  0x000000000d863000 JavaThread "Attach Listener" daemon [_thread_blocked, id=2936, stack(0x000000000f840000,0x000000000fc40000)]
  0x000000000d862000 JavaThread "Signal Dispatcher" daemon [_thread_blocked, id=2928, stack(0x000000000f440000,0x000000000f840000)]
  0x000000000d84a000 JavaThread "Finalizer" daemon [_thread_blocked, id=2920, stack(0x000000000edb0000,0x000000000f1b0000)]
  0x000000000d829000 JavaThread "Reference Handler" daemon [_thread_blocked, id=2820, stack(0x000000000e9b0000,0x000000000edb0000)]
  0x0000000001d83000 JavaThread "main" [_thread_blocked, id=7060, stack(0x0000000001f50000,0x0000000002350000)]

Other Threads:
  0x000000000d827800 VMThread [stack: 0x000000000e8b0000,0x000000000e9b0000] [id=2808]
  0x000000000ff97800 WatcherThread [stack: 0x0000000010740000,0x0000000010840000] [id=2740]

VM state:synchronizing (normal execution)

VM Mutex/Monitor currently owned by a thread:  ([mutex/lock_event])
[0x0000000001f4e090] Safepoint_lock - owner thread: 0x000000000d827800
[0x0000000001f4e110] Threads_lock - owner thread: 0x000000000d827800

heap address: 0x00000000c0000000, size: 1024 MB, Compressed Oops mode: 32-bit
Narrow klass base: 0x0000000000000000, Narrow klass shift: 3
Compressed class space size: 1073741824 Address: 0x0000000100000000

Heap:
 PSYoungGen      total 305664K, used 110324K [0x00000000eab00000, 0x0000000100000000, 0x0000000100000000)
  eden space 262144K, 42% used [0x00000000eab00000,0x00000000f16bd078,0x00000000fab00000)
  from space 43520K, 0% used [0x00000000fab00000,0x00000000fab00000,0x00000000fd580000)
  to   space 43520K, 0% used [0x00000000fd580000,0x00000000fd580000,0x0000000100000000)
 ParOldGen       total 699392K, used 38174K [0x00000000c0000000, 0x00000000eab00000, 0x00000000eab00000)
  object space 699392K, 5% used [0x00000000c0000000,0x00000000c25479b0,0x00000000eab00000)
 Metaspace       used 65027K, capacity 73039K, committed 73240K, reserved 1112064K
  class space    used 9276K, capacity 9751K, committed 9776K, reserved 1048576K

Card table byte_map: [0x000000000a550000,0x000000000a760000] byte_map_base: 0x0000000009f50000

Marking Bits: (ParMarkBitMap*) 0x0000000059d56d90
 Begin Bits: [0x000000000acc0000, 0x000000000bcc0000)
 End Bits:   [0x000000000bcc0000, 0x000000000ccc0000)

Polling page: 0x0000000000340000

CodeCache: size=131072Kb used=13942Kb max_used=13943Kb free=117129Kb
 bounds [0x0000000002350000, 0x0000000003100000, 0x000000000a350000]
 total_blobs=5793 nmethods=5168 adapters=536
 compilation: enabled

Compilation events (10 events):
Event: 12.382 Thread 0x000000000d86c000 nmethod 5895 0x00000000030f8890 code [0x00000000030f89e0, 0x00000000030f8af0]
Event: 12.382 Thread 0x000000000d86c000 5897       3       jawn.StringParser::reset (2 bytes)
Event: 12.382 Thread 0x000000000d86c000 nmethod 5897 0x00000000030f8550 code [0x00000000030f86a0, 0x00000000030f87f0]
Event: 12.382 Thread 0x000000000d86c000 5896       1       jawn.CharBuilder::cs (5 bytes)
Event: 12.382 Thread 0x000000000d86c000 nmethod 5896 0x00000000030f8290 code [0x00000000030f83e0, 0x00000000030f84f0]
Event: 12.382 Thread 0x000000000d86c000 5900       3       jawn.CharBuilder::resizeIfNecessary (86 bytes)
Event: 12.383 Thread 0x000000000d86c000 nmethod 5900 0x00000000030f7750 code [0x00000000030f7920, 0x00000000030f8038]
Event: 12.383 Thread 0x000000000d86c000 5901       1       jawn.StringParser::reset (2 bytes)
Event: 12.383 Thread 0x000000000d86c000 nmethod 5901 0x00000000030f7490 code [0x00000000030f75e0, 0x00000000030f76f0]
Event: 12.383 Thread 0x000000000d86c000 5898       3       jawn.CharBuilder::len_$eq (6 bytes)

GC Heap History (10 events):
Event: 1.961 GC heap before
{Heap before GC invocations=2 (full 1):
 PSYoungGen      total 305664K, used 12860K [0x00000000eab00000, 0x0000000100000000, 0x0000000100000000)
  eden space 262144K, 0% used [0x00000000eab00000,0x00000000eab00000,0x00000000fab00000)
  from space 43520K, 29% used [0x00000000fab00000,0x00000000fb78f088,0x00000000fd580000)
  to   space 43520K, 0% used [0x00000000fd580000,0x00000000fd580000,0x0000000100000000)
 ParOldGen       total 699392K, used 16K [0x00000000c0000000, 0x00000000eab00000, 0x00000000eab00000)
  object space 699392K, 0% used [0x00000000c0000000,0x00000000c0004000,0x00000000eab00000)
 Metaspace       used 20308K, capacity 21190K, committed 21296K, reserved 1067008K
  class space    used 2937K, capacity 3090K, committed 3120K, reserved 1048576K
Event: 2.003 GC heap after
Heap after GC invocations=2 (full 1):
 PSYoungGen      total 305664K, used 0K [0x00000000eab00000, 0x0000000100000000, 0x0000000100000000)
  eden space 262144K, 0% used [0x00000000eab00000,0x00000000eab00000,0x00000000fab00000)
  from space 43520K, 0% used [0x00000000fab00000,0x00000000fab00000,0x00000000fd580000)
  to   space 43520K, 0% used [0x00000000fd580000,0x00000000fd580000,0x0000000100000000)
 ParOldGen       total 699392K, used 12117K [0x00000000c0000000, 0x00000000eab00000, 0x00000000eab00000)
  object space 699392K, 1% used [0x00000000c0000000,0x00000000c0bd5710,0x00000000eab00000)
 Metaspace       used 20284K, capacity 21148K, committed 21296K, reserved 1067008K
  class space    used 2927K, capacity 3073K, committed 3120K, reserved 1048576K
}
Event: 3.633 GC heap before
{Heap before GC invocations=3 (full 1):
 PSYoungGen      total 305664K, used 94971K [0x00000000eab00000, 0x0000000100000000, 0x0000000100000000)
  eden space 262144K, 36% used [0x00000000eab00000,0x00000000f07beed0,0x00000000fab00000)
  from space 43520K, 0% used [0x00000000fab00000,0x00000000fab00000,0x00000000fd580000)
  to   space 43520K, 0% used [0x00000000fd580000,0x00000000fd580000,0x0000000100000000)
 ParOldGen       total 699392K, used 12117K [0x00000000c0000000, 0x00000000eab00000, 0x00000000eab00000)
  object space 699392K, 1% used [0x00000000c0000000,0x00000000c0bd5710,0x00000000eab00000)
 Metaspace       used 33913K, capacity 35341K, committed 35496K, reserved 1079296K
  class space    used 4811K, capacity 5032K, committed 5040K, reserved 1048576K
Event: 3.689 GC heap after
Heap after GC invocations=3 (full 1):
 PSYoungGen      total 305664K, used 25035K [0x00000000eab00000, 0x0000000100000000, 0x0000000100000000)
  eden space 262144K, 0% used [0x00000000eab00000,0x00000000eab00000,0x00000000fab00000)
  from space 43520K, 57% used [0x00000000fd580000,0x00000000fedf2d18,0x0000000100000000)
  to   space 43520K, 0% used [0x00000000fab00000,0x00000000fab00000,0x00000000fd580000)
 ParOldGen       total 699392K, used 12125K [0x00000000c0000000, 0x00000000eab00000, 0x00000000eab00000)
  object space 699392K, 1% used [0x00000000c0000000,0x00000000c0bd7710,0x00000000eab00000)
 Metaspace       used 33913K, capacity 35341K, committed 35496K, reserved 1079296K
  class space    used 4811K, capacity 5032K, committed 5040K, reserved 1048576K
}
Event: 3.689 GC heap before
{Heap before GC invocations=4 (full 2):
 PSYoungGen      total 305664K, used 25035K [0x00000000eab00000, 0x0000000100000000, 0x0000000100000000)
  eden space 262144K, 0% used [0x00000000eab00000,0x00000000eab00000,0x00000000fab00000)
  from space 43520K, 57% used [0x00000000fd580000,0x00000000fedf2d18,0x0000000100000000)
  to   space 43520K, 0% used [0x00000000fab00000,0x00000000fab00000,0x00000000fd580000)
 ParOldGen       total 699392K, used 12125K [0x00000000c0000000, 0x00000000eab00000, 0x00000000eab00000)
  object space 699392K, 1% used [0x00000000c0000000,0x00000000c0bd7710,0x00000000eab00000)
 Metaspace       used 33913K, capacity 35341K, committed 35496K, reserved 1079296K
  class space    used 4811K, capacity 5032K, committed 5040K, reserved 1048576K
Event: 3.786 GC heap after
Heap after GC invocations=4 (full 2):
 PSYoungGen      total 305664K, used 0K [0x00000000eab00000, 0x0000000100000000, 0x0000000100000000)
  eden space 262144K, 0% used [0x00000000eab00000,0x00000000eab00000,0x00000000fab00000)
  from space 43520K, 0% used [0x00000000fd580000,0x00000000fd580000,0x0000000100000000)
  to   space 43520K, 0% used [0x00000000fab00000,0x00000000fab00000,0x00000000fd580000)
 ParOldGen       total 699392K, used 27489K [0x00000000c0000000, 0x00000000eab00000, 0x00000000eab00000)
  object space 699392K, 3% used [0x00000000c0000000,0x00000000c1ad8590,0x00000000eab00000)
 Metaspace       used 33913K, capacity 35341K, committed 35496K, reserved 1079296K
  class space    used 4811K, capacity 5032K, committed 5040K, reserved 1048576K
}
Event: 8.361 GC heap before
{Heap before GC invocations=5 (full 2):
 PSYoungGen      total 305664K, used 159957K [0x00000000eab00000, 0x0000000100000000, 0x0000000100000000)
  eden space 262144K, 61% used [0x00000000eab00000,0x00000000f4735558,0x00000000fab00000)
  from space 43520K, 0% used [0x00000000fd580000,0x00000000fd580000,0x0000000100000000)
  to   space 43520K, 0% used [0x00000000fab00000,0x00000000fab00000,0x00000000fd580000)
 ParOldGen       total 699392K, used 27489K [0x00000000c0000000, 0x00000000eab00000, 0x00000000eab00000)
  object space 699392K, 3% used [0x00000000c0000000,0x00000000c1ad8590,0x00000000eab00000)
 Metaspace       used 54828K, capacity 58983K, committed 59160K, reserved 1101824K
  class space    used 7370K, capacity 7728K, committed 7728K, reserved 1048576K
Event: 8.400 GC heap after
Heap after GC invocations=5 (full 2):
 PSYoungGen      total 305664K, used 19355K [0x00000000eab00000, 0x0000000100000000, 0x0000000100000000)
  eden space 262144K, 0% used [0x00000000eab00000,0x00000000eab00000,0x00000000fab00000)
  from space 43520K, 44% used [0x00000000fab00000,0x00000000fbde6fc0,0x00000000fd580000)
  to   space 43520K, 0% used [0x00000000fd580000,0x00000000fd580000,0x0000000100000000)
 ParOldGen       total 699392K, used 27497K [0x00000000c0000000, 0x00000000eab00000, 0x00000000eab00000)
  object space 699392K, 3% used [0x00000000c0000000,0x00000000c1ada590,0x00000000eab00000)
 Metaspace       used 54828K, capacity 58983K, committed 59160K, reserved 1101824K
  class space    used 7370K, capacity 7728K, committed 7728K, reserved 1048576K
}
Event: 8.400 GC heap before
{Heap before GC invocations=6 (full 3):
 PSYoungGen      total 305664K, used 19355K [0x00000000eab00000, 0x0000000100000000, 0x0000000100000000)
  eden space 262144K, 0% used [0x00000000eab00000,0x00000000eab00000,0x00000000fab00000)
  from space 43520K, 44% used [0x00000000fab00000,0x00000000fbde6fc0,0x00000000fd580000)
  to   space 43520K, 0% used [0x00000000fd580000,0x00000000fd580000,0x0000000100000000)
 ParOldGen       total 699392K, used 27497K [0x00000000c0000000, 0x00000000eab00000, 0x00000000eab00000)
  object space 699392K, 3% used [0x00000000c0000000,0x00000000c1ada590,0x00000000eab00000)
 Metaspace       used 54828K, capacity 58983K, committed 59160K, reserved 1101824K
  class space    used 7370K, capacity 7728K, committed 7728K, reserved 1048576K
Event: 8.621 GC heap after
Heap after GC invocations=6 (full 3):
 PSYoungGen      total 305664K, used 0K [0x00000000eab00000, 0x0000000100000000, 0x0000000100000000)
  eden space 262144K, 0% used [0x00000000eab00000,0x00000000eab00000,0x00000000fab00000)
  from space 43520K, 0% used [0x00000000fab00000,0x00000000fab00000,0x00000000fd580000)
  to   space 43520K, 0% used [0x00000000fd580000,0x00000000fd580000,0x0000000100000000)
 ParOldGen       total 699392K, used 38174K [0x00000000c0000000, 0x00000000eab00000, 0x00000000eab00000)
  object space 699392K, 5% used [0x00000000c0000000,0x00000000c25479b0,0x00000000eab00000)
 Metaspace       used 54828K, capacity 58983K, committed 59160K, reserved 1101824K
  class space    used 7370K, capacity 7728K, committed 7728K, reserved 1048576K
}

Deoptimization events (10 events):
Event: 11.914 Thread 0x00000000130cf000 Uncommon trap: reason=class_check action=maybe_recompile pc=0x000000000305b38c method=sbt.internal.util.TypeFunctions$Ops$$anon$5.apply(Ljava/lang/Object;)Ljava/lang/Object; @ 5
Event: 11.934 Thread 0x00000000130cf800 Uncommon trap: reason=bimorphic action=maybe_recompile pc=0x00000000030a03e4 method=sbt.internal.util.TypeFunctions$Ops$$anon$5.apply(Ljava/lang/Object;)Ljava/lang/Object; @ 5
Event: 11.935 Thread 0x0000000015e65800 Uncommon trap: reason=bimorphic action=maybe_recompile pc=0x00000000030a03e4 method=sbt.internal.util.TypeFunctions$Ops$$anon$5.apply(Ljava/lang/Object;)Ljava/lang/Object; @ 5
Event: 11.936 Thread 0x0000000015e65800 Uncommon trap: reason=bimorphic action=maybe_recompile pc=0x00000000030a03e4 method=sbt.internal.util.TypeFunctions$Ops$$anon$5.apply(Ljava/lang/Object;)Ljava/lang/Object; @ 5
Event: 11.936 Thread 0x00000000130ce000 Uncommon trap: reason=bimorphic action=maybe_recompile pc=0x00000000030a03e4 method=sbt.internal.util.TypeFunctions$Ops$$anon$5.apply(Ljava/lang/Object;)Ljava/lang/Object; @ 5
Event: 11.960 Thread 0x0000000015e62000 Uncommon trap: reason=unstable_if action=reinterpret pc=0x0000000002d46080 method=java.util.concurrent.ConcurrentHashMap.addCount(JI)V @ 34
Event: 11.960 Thread 0x00000000130ce000 Uncommon trap: reason=unstable_if action=reinterpret pc=0x0000000002ab8d48 method=java.util.concurrent.ConcurrentHashMap.addCount(JI)V @ 7
Event: 11.977 Thread 0x0000000015e62000 Uncommon trap: reason=unstable_if action=reinterpret pc=0x0000000002974fd8 method=sbt.ProjectRef.equals(Ljava/lang/Object;)Z @ 2
Event: 12.172 Thread 0x0000000015e62000 Uncommon trap: reason=unstable_if action=reinterpret pc=0x00000000028f426c method=sbt.internal.util.Init$ScopedKey.equals(Ljava/lang/Object;)Z @ 2
Event: 12.369 Thread 0x0000000015e62000 Uncommon trap: reason=unstable_if action=reinterpret pc=0x0000000002da67d4 method=java.nio.charset.CoderResult.isUnderflow()Z @ 4

Classes redefined (0 events):
No events

Internal exceptions (10 events):
Event: 12.250 Thread 0x0000000015e62000 Exception <a 'sun/nio/fs/WindowsException'> (0x00000000f0ded5a8) thrown at [C:\re\workspace\8-2-build-windows-amd64-cygwin\jdk8u231\13620\hotspot\src\share\vm\prims\jni.cpp, line 710]
Event: 12.251 Thread 0x00000000130cc800 Exception <a 'sun/nio/fs/WindowsException'> (0x00000000f0b2a888) thrown at [C:\re\workspace\8-2-build-windows-amd64-cygwin\jdk8u231\13620\hotspot\src\share\vm\prims\jni.cpp, line 710]
Event: 12.251 Thread 0x00000000130cc800 Exception <a 'sun/nio/fs/WindowsException'> (0x00000000f0b2b718) thrown at [C:\re\workspace\8-2-build-windows-amd64-cygwin\jdk8u231\13620\hotspot\src\share\vm\prims\jni.cpp, line 710]
Event: 12.252 Thread 0x0000000015e62000 Exception <a 'sun/nio/fs/WindowsException'> (0x00000000f0dee438) thrown at [C:\re\workspace\8-2-build-windows-amd64-cygwin\jdk8u231\13620\hotspot\src\share\vm\prims\jni.cpp, line 710]
Event: 12.252 Thread 0x0000000015e62000 Exception <a 'sun/nio/fs/WindowsException'> (0x00000000f0deff48) thrown at [C:\re\workspace\8-2-build-windows-amd64-cygwin\jdk8u231\13620\hotspot\src\share\vm\prims\jni.cpp, line 710]
Event: 12.307 Thread 0x00000000130cf800 Exception <a 'java/lang/NoSuchMethodError': java.lang.Object.$anonfun$hash$1(Lsjsonnew/SupportHasher;Ljava/lang/Object;Lsjsonnew/HashWriter;)Ljava/lang/Object;> (0x00000000f10e87b8) thrown at [C:\re\workspace\8-2-build-windows-amd64-cygwin\jdk8u231\13620\
Event: 12.309 Thread 0x0000000015e62000 Exception <a 'sun/nio/fs/WindowsException'> (0x00000000f0e4b018) thrown at [C:\re\workspace\8-2-build-windows-amd64-cygwin\jdk8u231\13620\hotspot\src\share\vm\prims\jni.cpp, line 710]
Event: 12.316 Thread 0x00000000130cf800 Exception <a 'java/lang/NoSuchMethodError': java.lang.Object.$anonfun$vectorFormat$1(Lscala/collection/immutable/Seq;)Lscala/collection/immutable/Vector;> (0x00000000f11f55a0) thrown at [C:\re\workspace\8-2-build-windows-amd64-cygwin\jdk8u231\13620\hotspo
Event: 12.345 Thread 0x00000000130cc800 Exception <a 'sun/nio/fs/WindowsException'> (0x00000000f0b2c910) thrown at [C:\re\workspace\8-2-build-windows-amd64-cygwin\jdk8u231\13620\hotspot\src\share\vm\prims\jni.cpp, line 710]
Event: 12.370 Thread 0x00000000130cc800 Exception <a 'sun/nio/fs/WindowsException'> (0x00000000f0b2f060) thrown at [C:\re\workspace\8-2-build-windows-amd64-cygwin\jdk8u231\13620\hotspot\src\share\vm\prims\jni.cpp, line 710]

Events (10 events):
Event: 12.377 loading class scala/Function1
Event: 12.377 loading class scala/Function1 done
Event: 12.377 loading class sjsonnew/shaded/scalajson/ast/unsafe/JField
Event: 12.377 loading class sjsonnew/shaded/scalajson/ast/unsafe/JField done
Event: 12.378 loading class sjsonnew/IsoFormats$$anon$1
Event: 12.378 loading class sjsonnew/IsoFormats$$anon$1 done
Event: 12.379 loading class sjsonnew/shaded/scalajson/ast/JObject
Event: 12.379 loading class sjsonnew/shaded/scalajson/ast/JObject done
Event: 12.382 loading class sjsonnew/UnionFormats$$anon$3
Event: 12.382 loading class sjsonnew/UnionFormats$$anon$3 done


Dynamic libraries:
0x00007ff7c7e50000 - 0x00007ff7c7e87000 	C:\Program Files (x86)\Common Files\Oracle\Java\javapath\java.exe
0x00007ffc1f570000 - 0x00007ffc1f71c000 	C:\Windows\SYSTEM32\ntdll.dll
0x00007ffc1cbf0000 - 0x00007ffc1cd2e000 	C:\Windows\system32\KERNEL32.DLL
0x00007ffc1c790000 - 0x00007ffc1c8a5000 	C:\Windows\system32\KERNELBASE.dll
0x00007ffc1b260000 - 0x00007ffc1b2ee000 	C:\Windows\system32\apphelp.dll
0x00007ffbf4460000 - 0x00007ffbf44b3000 	C:\Windows\AppPatch\AppPatch64\AcGenral.DLL
0x00007ffc1e6e0000 - 0x00007ffc1e78a000 	C:\Windows\system32\msvcrt.dll
0x00007ffc1c4f0000 - 0x00007ffc1c51e000 	C:\Windows\SYSTEM32\SspiCli.dll
0x00007ffc1f510000 - 0x00007ffc1f564000 	C:\Windows\system32\SHLWAPI.dll
0x00007ffc1ef40000 - 0x00007ffc1f0b7000 	C:\Windows\system32\USER32.dll
0x00007ffc1f310000 - 0x00007ffc1f4a4000 	C:\Windows\system32\ole32.dll
0x00007ffc1cda0000 - 0x00007ffc1e2cb000 	C:\Windows\system32\SHELL32.dll
0x00007ffc1bc60000 - 0x00007ffc1bc81000 	C:\Windows\SYSTEM32\USERENV.dll
0x00007ffc1eb00000 - 0x00007ffc1ebaa000 	C:\Windows\system32\ADVAPI32.dll
0x00007ffc04f60000 - 0x00007ffc04f7e000 	C:\Windows\SYSTEM32\MPR.dll
0x00007ffc1ebb0000 - 0x00007ffc1ecf1000 	C:\Windows\system32\RPCRT4.dll
0x00007ffc1e680000 - 0x00007ffc1e6d9000 	C:\Windows\SYSTEM32\sechost.dll
0x00007ffc1e8e0000 - 0x00007ffc1eaf1000 	C:\Windows\SYSTEM32\combase.dll
0x00007ffc1e790000 - 0x00007ffc1e8e0000 	C:\Windows\system32\GDI32.dll
0x00007ffc1c6c0000 - 0x00007ffc1c6d5000 	C:\Windows\SYSTEM32\profapi.dll
0x00007ffc1ac20000 - 0x00007ffc1acd2000 	C:\Windows\SYSTEM32\SHCORE.dll
0x00007ffc1edd0000 - 0x00007ffc1ee06000 	C:\Windows\system32\IMM32.DLL
0x00007ffc1f1a0000 - 0x00007ffc1f2f2000 	C:\Windows\system32\MSCTF.dll
0x00007ffc1a7a0000 - 0x00007ffc1aa1b000 	C:\Windows\WinSxS\amd64_microsoft.windows.common-controls_6595b64144ccf1df_6.0.9600.18006_none_623f33d3ecbe86e8\COMCTL32.dll
0x0000000059de0000 - 0x0000000059eb2000 	C:\Program Files\Java\jre1.8.0_231\bin\msvcr100.dll
0x0000000059530000 - 0x0000000059dd6000 	C:\Program Files\Java\jre1.8.0_231\bin\server\jvm.dll
0x00007ffc12850000 - 0x00007ffc12859000 	C:\Windows\SYSTEM32\WSOCK32.dll
0x00007ffc17d00000 - 0x00007ffc17d22000 	C:\Windows\SYSTEM32\WINMM.dll
0x00007ffc1ace0000 - 0x00007ffc1acea000 	C:\Windows\SYSTEM32\VERSION.dll
0x00007ffc1f300000 - 0x00007ffc1f307000 	C:\Windows\system32\PSAPI.DLL
0x00007ffc1ee10000 - 0x00007ffc1ee6a000 	C:\Windows\system32\WS2_32.dll
0x00007ffc17240000 - 0x00007ffc1726a000 	C:\Windows\SYSTEM32\WINMMBASE.dll
0x00007ffc1ed00000 - 0x00007ffc1ed09000 	C:\Windows\system32\NSI.dll
0x00007ffc1cba0000 - 0x00007ffc1cbef000 	C:\Windows\SYSTEM32\cfgmgr32.dll
0x00007ffc1b4b0000 - 0x00007ffc1b4d8000 	C:\Windows\SYSTEM32\DEVOBJ.dll
0x00007ffc15df0000 - 0x00007ffc15dff000 	C:\Program Files\Java\jre1.8.0_231\bin\verify.dll
0x00007ffc04ac0000 - 0x00007ffc04ae9000 	C:\Program Files\Java\jre1.8.0_231\bin\java.dll
0x00007ffc04aa0000 - 0x00007ffc04ab6000 	C:\Program Files\Java\jre1.8.0_231\bin\zip.dll
0x00007ffc049d0000 - 0x00007ffc049ea000 	C:\Program Files\Java\jre1.8.0_231\bin\net.dll
0x00007ffc1bf30000 - 0x00007ffc1bf89000 	C:\Windows\system32\mswsock.dll
0x00007ffc048c0000 - 0x00007ffc048d2000 	C:\Program Files\Java\jre1.8.0_231\bin\nio.dll
0x00007ffc12f50000 - 0x00007ffc12f5d000 	C:\Program Files\Java\jre1.8.0_231\bin\management.dll
0x00007ffc05c80000 - 0x00007ffc05c95000 	C:\Windows\system32\napinsp.dll
0x00007ffc05c60000 - 0x00007ffc05c7a000 	C:\Windows\system32\pnrpnsp.dll
0x00007ffc15eb0000 - 0x00007ffc15ecb000 	C:\Windows\system32\NLAapi.dll
0x00007ffc1bd30000 - 0x00007ffc1bdd4000 	C:\Windows\SYSTEM32\DNSAPI.dll
0x00007ffc05c50000 - 0x00007ffc05c5d000 	C:\Windows\System32\winrnr.dll
0x000000005c960000 - 0x000000005c986000 	C:\Program Files\Bonjour\mdnsNSP.dll
0x00007ffc153b0000 - 0x00007ffc153da000 	C:\Windows\SYSTEM32\Iphlpapi.DLL
0x00007ffc15380000 - 0x00007ffc1538a000 	C:\Windows\SYSTEM32\WINNSI.DLL
0x00007ffc05c30000 - 0x00007ffc05c44000 	C:\Windows\system32\wshbth.dll
0x00007ffc050f0000 - 0x00007ffc050fa000 	C:\Windows\System32\rasadhlp.dll
0x00007ffc15020000 - 0x00007ffc1508b000 	C:\Windows\System32\fwpuclnt.dll
0x00007ffc1bf90000 - 0x00007ffc1bfb0000 	C:\Windows\SYSTEM32\CRYPTSP.dll
0x00007ffc1bb50000 - 0x00007ffc1bb86000 	C:\Windows\system32\rsaenh.dll
0x00007ffc1c1e0000 - 0x00007ffc1c206000 	C:\Windows\SYSTEM32\bcrypt.dll
0x00007ffc1c520000 - 0x00007ffc1c583000 	C:\Windows\system32\bcryptprimitives.dll
0x00007ffc1c590000 - 0x00007ffc1c59b000 	C:\Windows\SYSTEM32\CRYPTBASE.dll
0x00007ffc15100000 - 0x00007ffc15116000 	C:\Windows\SYSTEM32\dhcpcsvc6.DLL
0x00007ffc150e0000 - 0x00007ffc150fa000 	C:\Windows\SYSTEM32\dhcpcsvc.DLL
0x00007ffc04820000 - 0x00007ffc04862000 	C:\Users\Riggel\AppData\Local\Temp\jna--1847236514\jna3145006134777816341.dll
0x00007ffc04890000 - 0x00007ffc048b4000 	C:\Program Files\Java\jre1.8.0_231\bin\sunec.dll
0x00007ffc10910000 - 0x00007ffc1091b000 	C:\Program Files\Java\jre1.8.0_231\bin\sunmscapi.dll
0x00007ffc1c960000 - 0x00007ffc1cb3f000 	C:\Windows\system32\CRYPT32.dll
0x00007ffc1c770000 - 0x00007ffc1c781000 	C:\Windows\system32\MSASN1.dll
0x000000006fd00000 - 0x000000006fd07000 	C:\Users\Riggel\.sbt\1.0\swoval-jni\1470569600576435986-swoval-files0.dll
0x00007ffc11ce0000 - 0x00007ffc11e69000 	C:\Windows\SYSTEM32\dbghelp.dll

VM Arguments:
jvm_args: -Dfile.encoding=UTF-8 -Xms1024m -Xmx1024m -Xss4M -XX:ReservedCodeCacheSize=128m -Djline.terminal=jline.UnixTerminal -Dsbt.cygwin=true 
java_command: C:\Program Files (x86)\sbt\bin\sbt-launch.jar
java_class_path (initial): C:\Program Files (x86)\sbt\bin\sbt-launch.jar
Launcher Type: SUN_STANDARD

Environment Variables:
PATH=C:\Users\Riggel\bin;C:\Program Files\Git\mingw64\bin;C:\Program Files\Git\usr\local\bin;C:\Program Files\Git\usr\bin;C:\Program Files\Git\usr\bin;C:\Program Files\Git\mingw64\bin;C:\Program Files\Git\usr\bin;C:\Users\Riggel\bin;C:\Program Files (x86)\Common Files\Oracle\Java\javapath;C:\Program Files\Rockwell Software\RSCommon;C:\Program Files\Microsoft MPI\Bin;C:\programdata\oracle\java\javapath;C:\windows\system32;C:\windows;C:\windows\system32\wbem;C:\windows\system32\windowspowershell\v1.0;C:\program files\microsoft sql server\110\tools\binn;C:\program files (x86)\skype\phone;C:\Program Files (x86)\NVIDIA Corporation\PhysX\Common;C:\Program Files (x86)\Microsoft SQL Server\Client SDK\ODBC\130\Tools\Binn;C:\Program Files (x86)\Microsoft SQL Server\140\Tools\Binn;C:\Program Files (x86)\Microsoft SQL Server\140\DTS\Binn;C:\Program Files (x86)\Microsoft SQL Server\140\Tools\Binn\ManagementStudio;C:\Program Files\Microsoft SQL Server\140\Tools\Binn;C:\Program Files\Microsoft SQL Server\140\DTS\Binn;C:\Program Files\Microsoft SQL Server\Client SDK\ODBC\130\Tools\Binn;C:\Program Files\nodejs;C:\Program Files\Git\cmd;C:\Program Files\dotnet;C:\Program Files\Microsoft SQL Server\130\Tools\Binn;C:\Program Files (x86)\Windows Kits\10\Windows Performance Toolkit\;C;C:\Program Files\Git\Program Files\PostgreSQL\10\bin;C:\Program Files\PostgreSQL\10\lib;C:\Program Files (x86)\sbt\bin;C:\Program Files (x86)\scala\bin;C:\composer;C:\Users\Riggel\AppData\Local\Programs\Microsoft VS Code\bin;C:\Users\Riggel\AppData\Roaming\npm;C:\wamp64\bin\php\php7.2.18;C:\Program Files (x86)\sbt\bin;C:\Program Files (x86)\Java\jre1.8.0_231\bin;C:\Program Files (x86)\scala\bin;C:\Users\Riggel\AppData\Roaming\Composer\vendor\bin;C:\Users\Riggel\AppData\Local\Programs\Python\Python37-32\Scripts;C:\Users\Riggel\AppData\Local\Programs\Python\Python37-32;C:\Program Files (x86)\Graphviz2.38\bin;C:\Program Files\Git\usr\bin\vendor_perl;C:\Program Files\Git\usr\bin\core_perl
USERNAME=Riggel
SHELL=C:\Program Files\Git\usr\bin\bash.exe
DISPLAY=needs-to-be-defined
OS=Windows_NT
PROCESSOR_IDENTIFIER=Intel64 Family 6 Model 23 Stepping 10, GenuineIntel



---------------  S Y S T E M  ---------------

OS: Windows 8.1 , 64 bit Build 9600 (6.3.9600.17415)

CPU:total 4 (initial active 4) (4 cores per cpu, 1 threads per core) family 6 model 23 stepping 10, cmov, cx8, fxsr, mmx, sse, sse2, sse3, ssse3, sse4.1, tsc

Memory: 4k page, physical 4192176k(1619156k free), swap 12581044k(5246576k free)

vm_info: Java HotSpot(TM) 64-Bit Server VM (25.231-b11) for windows-amd64 JRE (1.8.0_231-b11), built on Oct  5 2019 03:11:30 by "java_re" with MS VC++ 10.0 (VS2010)

time: Fri Dec 06 10:26:30 2019
timezone: Hora estándar del Pacífico
elapsed time: 12 seconds (0d 0h 0m 12s)

